<?xml version="1.0" encoding="UTF-8"?>
<!-- Generated by org.testng.reporters.JUnitReportReporter -->
<testsuite hostname="BBL8P644F3" failures="0" tests="1" name="pkg.GridTest" time="2.814" errors="0" timestamp="2022-11-04T02:06:03 EDT" skipped="0">
  <testcase classname="pkg.GridTest" name="rani" time="2.814"/>
  <system-out/>
</testsuite> <!-- pkg.GridTest -->
