<?xml version="1.0" encoding="UTF-8"?>
<!-- Generated by org.testng.reporters.JUnitReportReporter -->
<testsuite hostname="BBL8P644F3" failures="0" tests="1" name="pkg.GridTest5" time="4.643" errors="0" timestamp="2022-11-05T01:12:52 EDT" skipped="0">
  <testcase classname="pkg.GridTest5" name="sipahi" time="4.643"/>
  <system-out/>
</testsuite> <!-- pkg.GridTest5 -->
